<?xml version="1.0" encoding="UTF-8"?>
<testsuite xmlns:xsi="http://www.w3.org/2001/XMLSchema-instance" xsi:noNamespaceSchemaLocation="https://maven.apache.org/surefire/maven-surefire-plugin/xsd/surefire-test-report-3.0.xsd" version="3.0" name="TestSuite" time="283.998" tests="22" errors="0" skipped="0" failures="0">
  <properties>
    <property name="sun.desktop" value="windows"/>
    <property name="awt.toolkit" value="sun.awt.windows.WToolkit"/>
    <property name="java.specification.version" value="11"/>
    <property name="webdriver.chrome.driver" value="C:\Users\anjalisachan\.cache\selenium\chromedriver\win64\126.0.6478.63\chromedriver.exe"/>
    <property name="log4j.configurationFile" value="log4j2.properties"/>
    <property name="sun.cpu.isalist" value="amd64"/>
    <property name="sun.jnu.encoding" value="Cp1252"/>
    <property name="java.class.path" value="C:\Users\anjalisachan\eclipse-workspace\ExitAssignmentTest\target\test-classes;C:\Users\anjalisachan\eclipse-workspace\ExitAssignmentTest\target\classes;C:\Users\anjalisachan\.m2\repository\org\seleniumhq\selenium\selenium-java\4.21.0\selenium-java-4.21.0.jar;C:\Users\anjalisachan\.m2\repository\org\seleniumhq\selenium\selenium-api\4.21.0\selenium-api-4.21.0.jar;C:\Users\anjalisachan\.m2\repository\org\seleniumhq\selenium\selenium-chrome-driver\4.21.0\selenium-chrome-driver-4.21.0.jar;C:\Users\anjalisachan\.m2\repository\com\google\auto\service\auto-service-annotations\1.1.1\auto-service-annotations-1.1.1.jar;C:\Users\anjalisachan\.m2\repository\org\seleniumhq\selenium\selenium-chromium-driver\4.21.0\selenium-chromium-driver-4.21.0.jar;C:\Users\anjalisachan\.m2\repository\org\seleniumhq\selenium\selenium-json\4.21.0\selenium-json-4.21.0.jar;C:\Users\anjalisachan\.m2\repository\org\seleniumhq\selenium\selenium-manager\4.21.0\selenium-manager-4.21.0.jar;C:\Users\anjalisachan\.m2\repository\org\seleniumhq\selenium\selenium-devtools-v123\4.21.0\selenium-devtools-v123-4.21.0.jar;C:\Users\anjalisachan\.m2\repository\org\seleniumhq\selenium\selenium-devtools-v124\4.21.0\selenium-devtools-v124-4.21.0.jar;C:\Users\anjalisachan\.m2\repository\org\seleniumhq\selenium\selenium-devtools-v125\4.21.0\selenium-devtools-v125-4.21.0.jar;C:\Users\anjalisachan\.m2\repository\org\seleniumhq\selenium\selenium-devtools-v85\4.21.0\selenium-devtools-v85-4.21.0.jar;C:\Users\anjalisachan\.m2\repository\org\seleniumhq\selenium\selenium-edge-driver\4.21.0\selenium-edge-driver-4.21.0.jar;C:\Users\anjalisachan\.m2\repository\org\seleniumhq\selenium\selenium-firefox-driver\4.21.0\selenium-firefox-driver-4.21.0.jar;C:\Users\anjalisachan\.m2\repository\org\seleniumhq\selenium\selenium-http\4.21.0\selenium-http-4.21.0.jar;C:\Users\anjalisachan\.m2\repository\dev\failsafe\failsafe\3.3.2\failsafe-3.3.2.jar;C:\Users\anjalisachan\.m2\repository\org\seleniumhq\selenium\selenium-ie-driver\4.21.0\selenium-ie-driver-4.21.0.jar;C:\Users\anjalisachan\.m2\repository\org\seleniumhq\selenium\selenium-remote-driver\4.21.0\selenium-remote-driver-4.21.0.jar;C:\Users\anjalisachan\.m2\repository\com\google\guava\guava\33.2.0-jre\guava-33.2.0-jre.jar;C:\Users\anjalisachan\.m2\repository\com\google\guava\failureaccess\1.0.2\failureaccess-1.0.2.jar;C:\Users\anjalisachan\.m2\repository\com\google\guava\listenablefuture\9999.0-empty-to-avoid-conflict-with-guava\listenablefuture-9999.0-empty-to-avoid-conflict-with-guava.jar;C:\Users\anjalisachan\.m2\repository\com\google\code\findbugs\jsr305\3.0.2\jsr305-3.0.2.jar;C:\Users\anjalisachan\.m2\repository\org\checkerframework\checker-qual\3.42.0\checker-qual-3.42.0.jar;C:\Users\anjalisachan\.m2\repository\com\google\errorprone\error_prone_annotations\2.26.1\error_prone_annotations-2.26.1.jar;C:\Users\anjalisachan\.m2\repository\com\google\j2objc\j2objc-annotations\3.0.0\j2objc-annotations-3.0.0.jar;C:\Users\anjalisachan\.m2\repository\io\opentelemetry\semconv\opentelemetry-semconv\1.25.0-alpha\opentelemetry-semconv-1.25.0-alpha.jar;C:\Users\anjalisachan\.m2\repository\io\opentelemetry\opentelemetry-api\1.38.0\opentelemetry-api-1.38.0.jar;C:\Users\anjalisachan\.m2\repository\io\opentelemetry\opentelemetry-context\1.38.0\opentelemetry-context-1.38.0.jar;C:\Users\anjalisachan\.m2\repository\io\opentelemetry\opentelemetry-exporter-logging\1.38.0\opentelemetry-exporter-logging-1.38.0.jar;C:\Users\anjalisachan\.m2\repository\io\opentelemetry\opentelemetry-sdk-common\1.38.0\opentelemetry-sdk-common-1.38.0.jar;C:\Users\anjalisachan\.m2\repository\io\opentelemetry\opentelemetry-sdk-extension-autoconfigure-spi\1.38.0\opentelemetry-sdk-extension-autoconfigure-spi-1.38.0.jar;C:\Users\anjalisachan\.m2\repository\io\opentelemetry\opentelemetry-sdk-extension-autoconfigure\1.38.0\opentelemetry-sdk-extension-autoconfigure-1.38.0.jar;C:\Users\anjalisachan\.m2\repository\io\opentelemetry\opentelemetry-api-incubator\1.38.0-alpha\opentelemetry-api-incubator-1.38.0-alpha.jar;C:\Users\anjalisachan\.m2\repository\io\opentelemetry\opentelemetry-sdk-trace\1.38.0\opentelemetry-sdk-trace-1.38.0.jar;C:\Users\anjalisachan\.m2\repository\io\opentelemetry\opentelemetry-sdk\1.38.0\opentelemetry-sdk-1.38.0.jar;C:\Users\anjalisachan\.m2\repository\io\opentelemetry\opentelemetry-sdk-metrics\1.38.0\opentelemetry-sdk-metrics-1.38.0.jar;C:\Users\anjalisachan\.m2\repository\io\opentelemetry\opentelemetry-sdk-logs\1.38.0\opentelemetry-sdk-logs-1.38.0.jar;C:\Users\anjalisachan\.m2\repository\net\bytebuddy\byte-buddy\1.14.15\byte-buddy-1.14.15.jar;C:\Users\anjalisachan\.m2\repository\org\seleniumhq\selenium\selenium-os\4.21.0\selenium-os-4.21.0.jar;C:\Users\anjalisachan\.m2\repository\org\apache\commons\commons-exec\1.4.0\commons-exec-1.4.0.jar;C:\Users\anjalisachan\.m2\repository\org\seleniumhq\selenium\selenium-safari-driver\4.21.0\selenium-safari-driver-4.21.0.jar;C:\Users\anjalisachan\.m2\repository\org\seleniumhq\selenium\selenium-support\4.21.0\selenium-support-4.21.0.jar;C:\Users\anjalisachan\.m2\repository\org\testng\testng\7.10.2\testng-7.10.2.jar;C:\Users\anjalisachan\.m2\repository\org\slf4j\slf4j-api\1.7.36\slf4j-api-1.7.36.jar;C:\Users\anjalisachan\.m2\repository\com\beust\jcommander\1.82\jcommander-1.82.jar;C:\Users\anjalisachan\.m2\repository\org\webjars\jquery\3.7.1\jquery-3.7.1.jar;C:\Users\anjalisachan\.m2\repository\org\apache\poi\poi\5.2.3\poi-5.2.3.jar;C:\Users\anjalisachan\.m2\repository\commons-codec\commons-codec\1.15\commons-codec-1.15.jar;C:\Users\anjalisachan\.m2\repository\org\apache\commons\commons-collections4\4.4\commons-collections4-4.4.jar;C:\Users\anjalisachan\.m2\repository\org\apache\commons\commons-math3\3.6.1\commons-math3-3.6.1.jar;C:\Users\anjalisachan\.m2\repository\commons-io\commons-io\2.11.0\commons-io-2.11.0.jar;C:\Users\anjalisachan\.m2\repository\com\zaxxer\SparseBitSet\1.2\SparseBitSet-1.2.jar;C:\Users\anjalisachan\.m2\repository\org\apache\poi\poi-ooxml\5.2.3\poi-ooxml-5.2.3.jar;C:\Users\anjalisachan\.m2\repository\org\apache\poi\poi-ooxml-lite\5.2.3\poi-ooxml-lite-5.2.3.jar;C:\Users\anjalisachan\.m2\repository\org\apache\commons\commons-compress\1.21\commons-compress-1.21.jar;C:\Users\anjalisachan\.m2\repository\com\github\virtuald\curvesapi\1.07\curvesapi-1.07.jar;C:\Users\anjalisachan\.m2\repository\com\aventstack\extentreports\5.1.1\extentreports-5.1.1.jar;C:\Users\anjalisachan\.m2\repository\io\reactivex\rxjava3\rxjava\3.1.6\rxjava-3.1.6.jar;C:\Users\anjalisachan\.m2\repository\org\reactivestreams\reactive-streams\1.0.4\reactive-streams-1.0.4.jar;C:\Users\anjalisachan\.m2\repository\org\freemarker\freemarker\2.3.32\freemarker-2.3.32.jar;C:\Users\anjalisachan\.m2\repository\org\projectlombok\lombok\1.18.26\lombok-1.18.26.jar;C:\Users\anjalisachan\.m2\repository\com\google\code\gson\gson\2.10.1\gson-2.10.1.jar;C:\Users\anjalisachan\.m2\repository\org\apache\logging\log4j\log4j-core\2.23.1\log4j-core-2.23.1.jar;C:\Users\anjalisachan\.m2\repository\org\apache\logging\log4j\log4j-api\2.23.1\log4j-api-2.23.1.jar;C:\Users\anjalisachan\.m2\repository\org\apache\logging\log4j\log4j-slf4j-impl\2.23.1\log4j-slf4j-impl-2.23.1.jar;C:\Users\anjalisachan\.m2\repository\io\github\bonigarcia\webdrivermanager\5.8.0\webdrivermanager-5.8.0.jar;C:\Users\anjalisachan\.m2\repository\com\github\docker-java\docker-java\3.3.6\docker-java-3.3.6.jar;C:\Users\anjalisachan\.m2\repository\com\github\docker-java\docker-java-core\3.3.6\docker-java-core-3.3.6.jar;C:\Users\anjalisachan\.m2\repository\com\github\docker-java\docker-java-api\3.3.6\docker-java-api-3.3.6.jar;C:\Users\anjalisachan\.m2\repository\com\fasterxml\jackson\core\jackson-annotations\2.10.3\jackson-annotations-2.10.3.jar;C:\Users\anjalisachan\.m2\repository\com\fasterxml\jackson\core\jackson-databind\2.10.3\jackson-databind-2.10.3.jar;C:\Users\anjalisachan\.m2\repository\com\fasterxml\jackson\core\jackson-core\2.10.3\jackson-core-2.10.3.jar;C:\Users\anjalisachan\.m2\repository\org\bouncycastle\bcpkix-jdk18on\1.76\bcpkix-jdk18on-1.76.jar;C:\Users\anjalisachan\.m2\repository\org\bouncycastle\bcprov-jdk18on\1.76\bcprov-jdk18on-1.76.jar;C:\Users\anjalisachan\.m2\repository\org\bouncycastle\bcutil-jdk18on\1.76\bcutil-jdk18on-1.76.jar;C:\Users\anjalisachan\.m2\repository\org\slf4j\jcl-over-slf4j\1.7.30\jcl-over-slf4j-1.7.30.jar;C:\Users\anjalisachan\.m2\repository\com\github\docker-java\docker-java-transport-httpclient5\3.3.6\docker-java-transport-httpclient5-3.3.6.jar;C:\Users\anjalisachan\.m2\repository\com\github\docker-java\docker-java-transport\3.3.6\docker-java-transport-3.3.6.jar;C:\Users\anjalisachan\.m2\repository\net\java\dev\jna\jna\5.13.0\jna-5.13.0.jar;C:\Users\anjalisachan\.m2\repository\org\brotli\dec\0.1.2\dec-0.1.2.jar;C:\Users\anjalisachan\.m2\repository\org\apache\commons\commons-lang3\3.14.0\commons-lang3-3.14.0.jar;C:\Users\anjalisachan\.m2\repository\org\apache\httpcomponents\client5\httpclient5\5.2.1\httpclient5-5.2.1.jar;C:\Users\anjalisachan\.m2\repository\org\apache\httpcomponents\core5\httpcore5\5.2\httpcore5-5.2.jar;C:\Users\anjalisachan\.m2\repository\org\apache\httpcomponents\core5\httpcore5-h2\5.2\httpcore5-h2-5.2.jar;C:\Users\anjalisachan\.m2\repository\org\apache\xmlbeans\xmlbeans\5.2.1\xmlbeans-5.2.1.jar;"/>
    <property name="java.vm.vendor" value="Oracle Corporation"/>
    <property name="sun.arch.data.model" value="64"/>
    <property name="user.variant" value=""/>
    <property name="java.vendor.url" value="http://java.oracle.com/"/>
    <property name="user.timezone" value="Asia/Calcutta"/>
    <property name="java.vm.specification.version" value="11"/>
    <property name="os.name" value="Windows 10"/>
    <property name="sun.java.launcher" value="SUN_STANDARD"/>
    <property name="user.country" value="IN"/>
    <property name="sun.boot.library.path" value="C:\.Net &amp; Java Software\Open JKD -11\bin"/>
    <property name="sun.java.command" value="C:\Users\anjalisachan\AppData\Local\Temp\surefire18430837963551046932\surefirebooter-20240623215747564_3.jar C:\Users\anjalisachan\AppData\Local\Temp\surefire18430837963551046932 2024-06-23T21-57-47_147-jvmRun1 surefire-20240623215747564_1tmp surefire_0-20240623215747564_2tmp"/>
    <property name="jdk.debug" value="release"/>
    <property name="surefire.test.class.path" value="C:\Users\anjalisachan\eclipse-workspace\ExitAssignmentTest\target\test-classes;C:\Users\anjalisachan\eclipse-workspace\ExitAssignmentTest\target\classes;C:\Users\anjalisachan\.m2\repository\org\seleniumhq\selenium\selenium-java\4.21.0\selenium-java-4.21.0.jar;C:\Users\anjalisachan\.m2\repository\org\seleniumhq\selenium\selenium-api\4.21.0\selenium-api-4.21.0.jar;C:\Users\anjalisachan\.m2\repository\org\seleniumhq\selenium\selenium-chrome-driver\4.21.0\selenium-chrome-driver-4.21.0.jar;C:\Users\anjalisachan\.m2\repository\com\google\auto\service\auto-service-annotations\1.1.1\auto-service-annotations-1.1.1.jar;C:\Users\anjalisachan\.m2\repository\org\seleniumhq\selenium\selenium-chromium-driver\4.21.0\selenium-chromium-driver-4.21.0.jar;C:\Users\anjalisachan\.m2\repository\org\seleniumhq\selenium\selenium-json\4.21.0\selenium-json-4.21.0.jar;C:\Users\anjalisachan\.m2\repository\org\seleniumhq\selenium\selenium-manager\4.21.0\selenium-manager-4.21.0.jar;C:\Users\anjalisachan\.m2\repository\org\seleniumhq\selenium\selenium-devtools-v123\4.21.0\selenium-devtools-v123-4.21.0.jar;C:\Users\anjalisachan\.m2\repository\org\seleniumhq\selenium\selenium-devtools-v124\4.21.0\selenium-devtools-v124-4.21.0.jar;C:\Users\anjalisachan\.m2\repository\org\seleniumhq\selenium\selenium-devtools-v125\4.21.0\selenium-devtools-v125-4.21.0.jar;C:\Users\anjalisachan\.m2\repository\org\seleniumhq\selenium\selenium-devtools-v85\4.21.0\selenium-devtools-v85-4.21.0.jar;C:\Users\anjalisachan\.m2\repository\org\seleniumhq\selenium\selenium-edge-driver\4.21.0\selenium-edge-driver-4.21.0.jar;C:\Users\anjalisachan\.m2\repository\org\seleniumhq\selenium\selenium-firefox-driver\4.21.0\selenium-firefox-driver-4.21.0.jar;C:\Users\anjalisachan\.m2\repository\org\seleniumhq\selenium\selenium-http\4.21.0\selenium-http-4.21.0.jar;C:\Users\anjalisachan\.m2\repository\dev\failsafe\failsafe\3.3.2\failsafe-3.3.2.jar;C:\Users\anjalisachan\.m2\repository\org\seleniumhq\selenium\selenium-ie-driver\4.21.0\selenium-ie-driver-4.21.0.jar;C:\Users\anjalisachan\.m2\repository\org\seleniumhq\selenium\selenium-remote-driver\4.21.0\selenium-remote-driver-4.21.0.jar;C:\Users\anjalisachan\.m2\repository\com\google\guava\guava\33.2.0-jre\guava-33.2.0-jre.jar;C:\Users\anjalisachan\.m2\repository\com\google\guava\failureaccess\1.0.2\failureaccess-1.0.2.jar;C:\Users\anjalisachan\.m2\repository\com\google\guava\listenablefuture\9999.0-empty-to-avoid-conflict-with-guava\listenablefuture-9999.0-empty-to-avoid-conflict-with-guava.jar;C:\Users\anjalisachan\.m2\repository\com\google\code\findbugs\jsr305\3.0.2\jsr305-3.0.2.jar;C:\Users\anjalisachan\.m2\repository\org\checkerframework\checker-qual\3.42.0\checker-qual-3.42.0.jar;C:\Users\anjalisachan\.m2\repository\com\google\errorprone\error_prone_annotations\2.26.1\error_prone_annotations-2.26.1.jar;C:\Users\anjalisachan\.m2\repository\com\google\j2objc\j2objc-annotations\3.0.0\j2objc-annotations-3.0.0.jar;C:\Users\anjalisachan\.m2\repository\io\opentelemetry\semconv\opentelemetry-semconv\1.25.0-alpha\opentelemetry-semconv-1.25.0-alpha.jar;C:\Users\anjalisachan\.m2\repository\io\opentelemetry\opentelemetry-api\1.38.0\opentelemetry-api-1.38.0.jar;C:\Users\anjalisachan\.m2\repository\io\opentelemetry\opentelemetry-context\1.38.0\opentelemetry-context-1.38.0.jar;C:\Users\anjalisachan\.m2\repository\io\opentelemetry\opentelemetry-exporter-logging\1.38.0\opentelemetry-exporter-logging-1.38.0.jar;C:\Users\anjalisachan\.m2\repository\io\opentelemetry\opentelemetry-sdk-common\1.38.0\opentelemetry-sdk-common-1.38.0.jar;C:\Users\anjalisachan\.m2\repository\io\opentelemetry\opentelemetry-sdk-extension-autoconfigure-spi\1.38.0\opentelemetry-sdk-extension-autoconfigure-spi-1.38.0.jar;C:\Users\anjalisachan\.m2\repository\io\opentelemetry\opentelemetry-sdk-extension-autoconfigure\1.38.0\opentelemetry-sdk-extension-autoconfigure-1.38.0.jar;C:\Users\anjalisachan\.m2\repository\io\opentelemetry\opentelemetry-api-incubator\1.38.0-alpha\opentelemetry-api-incubator-1.38.0-alpha.jar;C:\Users\anjalisachan\.m2\repository\io\opentelemetry\opentelemetry-sdk-trace\1.38.0\opentelemetry-sdk-trace-1.38.0.jar;C:\Users\anjalisachan\.m2\repository\io\opentelemetry\opentelemetry-sdk\1.38.0\opentelemetry-sdk-1.38.0.jar;C:\Users\anjalisachan\.m2\repository\io\opentelemetry\opentelemetry-sdk-metrics\1.38.0\opentelemetry-sdk-metrics-1.38.0.jar;C:\Users\anjalisachan\.m2\repository\io\opentelemetry\opentelemetry-sdk-logs\1.38.0\opentelemetry-sdk-logs-1.38.0.jar;C:\Users\anjalisachan\.m2\repository\net\bytebuddy\byte-buddy\1.14.15\byte-buddy-1.14.15.jar;C:\Users\anjalisachan\.m2\repository\org\seleniumhq\selenium\selenium-os\4.21.0\selenium-os-4.21.0.jar;C:\Users\anjalisachan\.m2\repository\org\apache\commons\commons-exec\1.4.0\commons-exec-1.4.0.jar;C:\Users\anjalisachan\.m2\repository\org\seleniumhq\selenium\selenium-safari-driver\4.21.0\selenium-safari-driver-4.21.0.jar;C:\Users\anjalisachan\.m2\repository\org\seleniumhq\selenium\selenium-support\4.21.0\selenium-support-4.21.0.jar;C:\Users\anjalisachan\.m2\repository\org\testng\testng\7.10.2\testng-7.10.2.jar;C:\Users\anjalisachan\.m2\repository\org\slf4j\slf4j-api\1.7.36\slf4j-api-1.7.36.jar;C:\Users\anjalisachan\.m2\repository\com\beust\jcommander\1.82\jcommander-1.82.jar;C:\Users\anjalisachan\.m2\repository\org\webjars\jquery\3.7.1\jquery-3.7.1.jar;C:\Users\anjalisachan\.m2\repository\org\apache\poi\poi\5.2.3\poi-5.2.3.jar;C:\Users\anjalisachan\.m2\repository\commons-codec\commons-codec\1.15\commons-codec-1.15.jar;C:\Users\anjalisachan\.m2\repository\org\apache\commons\commons-collections4\4.4\commons-collections4-4.4.jar;C:\Users\anjalisachan\.m2\repository\org\apache\commons\commons-math3\3.6.1\commons-math3-3.6.1.jar;C:\Users\anjalisachan\.m2\repository\commons-io\commons-io\2.11.0\commons-io-2.11.0.jar;C:\Users\anjalisachan\.m2\repository\com\zaxxer\SparseBitSet\1.2\SparseBitSet-1.2.jar;C:\Users\anjalisachan\.m2\repository\org\apache\poi\poi-ooxml\5.2.3\poi-ooxml-5.2.3.jar;C:\Users\anjalisachan\.m2\repository\org\apache\poi\poi-ooxml-lite\5.2.3\poi-ooxml-lite-5.2.3.jar;C:\Users\anjalisachan\.m2\repository\org\apache\commons\commons-compress\1.21\commons-compress-1.21.jar;C:\Users\anjalisachan\.m2\repository\com\github\virtuald\curvesapi\1.07\curvesapi-1.07.jar;C:\Users\anjalisachan\.m2\repository\com\aventstack\extentreports\5.1.1\extentreports-5.1.1.jar;C:\Users\anjalisachan\.m2\repository\io\reactivex\rxjava3\rxjava\3.1.6\rxjava-3.1.6.jar;C:\Users\anjalisachan\.m2\repository\org\reactivestreams\reactive-streams\1.0.4\reactive-streams-1.0.4.jar;C:\Users\anjalisachan\.m2\repository\org\freemarker\freemarker\2.3.32\freemarker-2.3.32.jar;C:\Users\anjalisachan\.m2\repository\org\projectlombok\lombok\1.18.26\lombok-1.18.26.jar;C:\Users\anjalisachan\.m2\repository\com\google\code\gson\gson\2.10.1\gson-2.10.1.jar;C:\Users\anjalisachan\.m2\repository\org\apache\logging\log4j\log4j-core\2.23.1\log4j-core-2.23.1.jar;C:\Users\anjalisachan\.m2\repository\org\apache\logging\log4j\log4j-api\2.23.1\log4j-api-2.23.1.jar;C:\Users\anjalisachan\.m2\repository\org\apache\logging\log4j\log4j-slf4j-impl\2.23.1\log4j-slf4j-impl-2.23.1.jar;C:\Users\anjalisachan\.m2\repository\io\github\bonigarcia\webdrivermanager\5.8.0\webdrivermanager-5.8.0.jar;C:\Users\anjalisachan\.m2\repository\com\github\docker-java\docker-java\3.3.6\docker-java-3.3.6.jar;C:\Users\anjalisachan\.m2\repository\com\github\docker-java\docker-java-core\3.3.6\docker-java-core-3.3.6.jar;C:\Users\anjalisachan\.m2\repository\com\github\docker-java\docker-java-api\3.3.6\docker-java-api-3.3.6.jar;C:\Users\anjalisachan\.m2\repository\com\fasterxml\jackson\core\jackson-annotations\2.10.3\jackson-annotations-2.10.3.jar;C:\Users\anjalisachan\.m2\repository\com\fasterxml\jackson\core\jackson-databind\2.10.3\jackson-databind-2.10.3.jar;C:\Users\anjalisachan\.m2\repository\com\fasterxml\jackson\core\jackson-core\2.10.3\jackson-core-2.10.3.jar;C:\Users\anjalisachan\.m2\repository\org\bouncycastle\bcpkix-jdk18on\1.76\bcpkix-jdk18on-1.76.jar;C:\Users\anjalisachan\.m2\repository\org\bouncycastle\bcprov-jdk18on\1.76\bcprov-jdk18on-1.76.jar;C:\Users\anjalisachan\.m2\repository\org\bouncycastle\bcutil-jdk18on\1.76\bcutil-jdk18on-1.76.jar;C:\Users\anjalisachan\.m2\repository\org\slf4j\jcl-over-slf4j\1.7.30\jcl-over-slf4j-1.7.30.jar;C:\Users\anjalisachan\.m2\repository\com\github\docker-java\docker-java-transport-httpclient5\3.3.6\docker-java-transport-httpclient5-3.3.6.jar;C:\Users\anjalisachan\.m2\repository\com\github\docker-java\docker-java-transport\3.3.6\docker-java-transport-3.3.6.jar;C:\Users\anjalisachan\.m2\repository\net\java\dev\jna\jna\5.13.0\jna-5.13.0.jar;C:\Users\anjalisachan\.m2\repository\org\brotli\dec\0.1.2\dec-0.1.2.jar;C:\Users\anjalisachan\.m2\repository\org\apache\commons\commons-lang3\3.14.0\commons-lang3-3.14.0.jar;C:\Users\anjalisachan\.m2\repository\org\apache\httpcomponents\client5\httpclient5\5.2.1\httpclient5-5.2.1.jar;C:\Users\anjalisachan\.m2\repository\org\apache\httpcomponents\core5\httpcore5\5.2\httpcore5-5.2.jar;C:\Users\anjalisachan\.m2\repository\org\apache\httpcomponents\core5\httpcore5-h2\5.2\httpcore5-h2-5.2.jar;C:\Users\anjalisachan\.m2\repository\org\apache\xmlbeans\xmlbeans\5.2.1\xmlbeans-5.2.1.jar;"/>
    <property name="sun.cpu.endian" value="little"/>
    <property name="user.home" value="C:\Users\anjalisachan"/>
    <property name="user.language" value="en"/>
    <property name="java.specification.vendor" value="Oracle Corporation"/>
    <property name="java.version.date" value="2018-10-16"/>
    <property name="java.home" value="C:\.Net &amp; Java Software\Open JKD -11"/>
    <property name="file.separator" value="\"/>
    <property name="basedir" value="C:\Users\anjalisachan\eclipse-workspace\ExitAssignmentTest"/>
    <property name="java.vm.compressedOopsMode" value="Zero based"/>
    <property name="line.separator" value="&#10;"/>
    <property name="java.specification.name" value="Java Platform API Specification"/>
    <property name="java.vm.specification.vendor" value="Oracle Corporation"/>
    <property name="java.awt.graphicsenv" value="sun.awt.Win32GraphicsEnvironment"/>
    <property name="surefire.real.class.path" value="C:\Users\anjalisachan\AppData\Local\Temp\surefire18430837963551046932\surefirebooter-20240623215747564_3.jar"/>
    <property name="user.script" value=""/>
    <property name="sun.management.compiler" value="HotSpot 64-Bit Tiered Compilers"/>
    <property name="java.runtime.version" value="11.0.1+13"/>
    <property name="user.name" value="anjalisachan"/>
    <property name="path.separator" value=";"/>
    <property name="os.version" value="10.0"/>
    <property name="java.runtime.name" value="OpenJDK Runtime Environment"/>
    <property name="file.encoding" value="Cp1252"/>
    <property name="java.vm.name" value="OpenJDK 64-Bit Server VM"/>
    <property name="java.vendor.version" value="18.9"/>
    <property name="localRepository" value="C:\Users\anjalisachan\.m2\repository"/>
    <property name="java.vendor.url.bug" value="http://bugreport.java.com/bugreport/"/>
    <property name="java.io.tmpdir" value="C:\Users\ANJALI~1\AppData\Local\Temp\"/>
    <property name="java.version" value="11.0.1"/>
    <property name="user.dir" value="C:\Users\anjalisachan\eclipse-workspace\ExitAssignmentTest"/>
    <property name="os.arch" value="amd64"/>
    <property name="java.vm.specification.name" value="Java Virtual Machine Specification"/>
    <property name="java.awt.printerjob" value="sun.awt.windows.WPrinterJob"/>
    <property name="sun.os.patch.level" value=""/>
    <property name="java.library.path" value="C:\.Net &amp; Java Software\Open JKD -11\bin;C:\Windows\Sun\Java\bin;C:\Windows\system32;C:\Windows;C:\Program Files\OpenLogic\jdk-11.0.23.9-hotspot\bin;C:\Windows\system32;C:\Windows;C:\Windows\System32\Wbem;C:\Windows\System32\WindowsPowerShell\v1.0\;C:\Windows\System32\OpenSSH\;C:\Program Files\dotnet\;C:\Program Files\Microsoft SQL Server\130\Tools\Binn\;C:\Program Files\Microsoft SQL Server\Client SDK\ODBC\170\Tools\Binn\;C:\.Net &amp; Java Software\Open JKD -11\bin;C:\Program Files (x86)\Microsoft SQL Server\150\DTS\Binn\;C:\Program Files\Azure Data Studio\bin;C:\Program Files (x86)\Microsoft SQL Server\140\Tools\Binn\;C:\Program Files\Microsoft SQL Server\140\Tools\Binn\;C:\Program Files (x86)\Microsoft SQL Server\140\DTS\Binn\;C:\Program Files\Microsoft SQL Server\140\DTS\Binn\;C:\Program Files\Microsoft SQL Server\Client SDK\ODBC\130\Tools\Binn\;C:\ProgramData\chocolatey\bin;C:\Program Files\Microsoft SQL Server\150\Tools\Binn\;C:\Users\anjalisachan\apache-maven-3.9.6\bin;C:\Program Files\TortoiseSVN\bin;C:\Program Files\Git\cmd;C:\Program Files\nodejs\;C:\Users\anjalisachan\AppData\Local\Programs\Python\Python312\Scripts\;C:\Users\anjalisachan\AppData\Local\Programs\Python\Python312\;C:\Users\anjalisachan\AppData\Local\Programs\Python\Launcher\;C:\Users\anjalisachan\AppData\Local\Microsoft\WindowsApps;C:\Program Files\Azure Data Studio\bin;C:\Users\anjalisachan\AppData\Local\Programs\Microsoft VS Code\bin;C:\Users\anjalisachan\.dotnet\tools;C:\Users\anjalisachan\AppData\Roaming\npm;C:\Program Files\JetBrains\PyCharm Community Edition 2024.1.1\bin;;."/>
    <property name="java.vendor" value="Oracle Corporation"/>
    <property name="java.vm.info" value="mixed mode"/>
    <property name="java.vm.version" value="11.0.1+13"/>
    <property name="sun.io.unicode.encoding" value="UnicodeLittle"/>
    <property name="java.class.version" value="55.0"/>
  </properties>
  <testcase name="testAddProductToCart[addtocartpage, headphone, yes](1)" classname="Test.AddToCartTest" time="10.407">
    <system-out><![CDATA[[DEBUG] 2024-06-23 21:57:49.644 [main] WebDriverManager - Using WebDriverManager 5.8.0
[DEBUG] 2024-06-23 21:57:49.865 [main] ResolutionCache - Resolution chrome=126 in cache (valid until 22:27:59 23/06/2024 IST)
[DEBUG] 2024-06-23 21:57:49.865 [main] ResolutionCache - Resolution chrome126=126.0.6478.63 in cache (valid until 21:45:26 24/06/2024 IST)
[INFO ] 2024-06-23 21:57:49.865 [main] WebDriverManager - Using chromedriver 126.0.6478.63 (resolved driver for Chrome 126)
[DEBUG] 2024-06-23 21:57:49.896 [main] WebDriverManager - Driver chromedriver 126.0.6478.63 found in cache
[INFO ] 2024-06-23 21:57:49.896 [main] WebDriverManager - Exporting webdriver.chrome.driver as C:\Users\anjalisachan\.cache\selenium\chromedriver\win64\126.0.6478.63\chromedriver.exe
[DEBUG] 2024-06-23 21:57:55.577 [main] PackageRelationshipCollection - Parsing relationship: /xl/_rels/workbook.xml.rels
[DEBUG] 2024-06-23 21:57:55.577 [main] PackageRelationshipCollection - Parsing relationship: /xl/worksheets/_rels/sheet1.xml.rels
[DEBUG] 2024-06-23 21:57:55.592 [main] PackageRelationshipCollection - Parsing relationship: /_rels/.rels
Data read from cell [1,0]: addtocartpage
Data read from cell [1,1]: headphone
Data read from cell [1,2]: yes
[INFO ] 2024-06-23 21:57:56.846 [main] AddToCartTest - Data read from Excel - Row 1: addtocartpage, headphone, yes
Data read from Excel - Row 1: addtocartpage, headphone, yes
Data read from cell [2,0]: loginpage
Data read from cell [2,1]: person1@gmail.com
Data read from cell [2,2]: yes
[INFO ] 2024-06-23 21:57:56.846 [main] AddToCartTest - Data read from Excel - Row 2: loginpage, person1@gmail.com, yes
Data read from Excel - Row 2: loginpage, person1@gmail.com, yes
Data read from cell [3,0]: productfilterpage
Data read from cell [3,1]: mobile
Data read from cell [3,2]: yes
[INFO ] 2024-06-23 21:57:56.846 [main] AddToCartTest - Data read from Excel - Row 3: productfilterpage, mobile, yes
Data read from Excel - Row 3: productfilterpage, mobile, yes
[INFO ] 2024-06-23 21:57:56.956 [main] AddToCartTest - User enters the product to be searched and hits enter: headphone
[INFO ] 2024-06-23 21:57:59.756 [main] AddToCartTest - User clicks on product and clicks on add to cart button
[INFO ] 2024-06-23 21:58:04.145 [main] AddToCartTest - Verified that the product is added to the cart and navigated to the cart page
Verified that the product is added to the cart and navigated to the cart page
]]></system-out>
    <system-err><![CDATA[Jun 23, 2024 9:57:51 PM org.openqa.selenium.devtools.CdpVersionFinder findNearestMatch
WARNING: Unable to find an exact match for CDP version 126, returning the closest version; found: 125; Please update to a Selenium version that supports CDP version 126
]]></system-err>
  </testcase>
  <testcase name="testAddProductToCart[loginpage, person1@gmail.com, yes](2)" classname="Test.AddToCartTest" time="0.0"/>
  <testcase name="testAddProductToCart[productfilterpage, mobile, yes](3)" classname="Test.AddToCartTest" time="0.0"/>
  <testcase name="testCustomerCare" classname="Test.CustomerCareTest" time="4.236">
    <system-out><![CDATA[[DEBUG] 2024-06-23 21:58:08.075 [main] WebDriverManager - Using WebDriverManager 5.8.0
[DEBUG] 2024-06-23 21:58:08.107 [main] ResolutionCache - Resolution chrome=126 in cache (valid until 22:27:59 23/06/2024 IST)
[DEBUG] 2024-06-23 21:58:08.107 [main] ResolutionCache - Resolution chrome126=126.0.6478.63 in cache (valid until 21:45:26 24/06/2024 IST)
[INFO ] 2024-06-23 21:58:08.107 [main] WebDriverManager - Using chromedriver 126.0.6478.63 (resolved driver for Chrome 126)
[DEBUG] 2024-06-23 21:58:08.169 [main] WebDriverManager - Driver chromedriver 126.0.6478.63 found in cache
[INFO ] 2024-06-23 21:58:08.169 [main] WebDriverManager - Exporting webdriver.chrome.driver as C:\Users\anjalisachan\.cache\selenium\chromedriver\win64\126.0.6478.63\chromedriver.exe
[INFO ] 2024-06-23 21:58:13.093 [main] CustomerCareTest - User launches Chrome browser and navigates to the notification preferences page
[INFO ] 2024-06-23 21:58:13.241 [main] CustomerCareTest - User clicks on the three dots icon
[INFO ] 2024-06-23 21:58:14.132 [main] CustomerCareTest - User clicks on the Notification Preferences option
[INFO ] 2024-06-23 21:58:16.292 [main] CustomerCareTest - Help Centre is present on the page
]]></system-out>
    <system-err><![CDATA[Jun 23, 2024 9:58:09 PM org.openqa.selenium.devtools.CdpVersionFinder findNearestMatch
WARNING: Unable to find an exact match for CDP version 126, returning the closest version; found: 125; Please update to a Selenium version that supports CDP version 126
]]></system-err>
  </testcase>
  <testcase name="testCareerLink" classname="Test.FlipkartCareerTest" time="9.981">
    <system-out><![CDATA[[DEBUG] 2024-06-23 21:58:17.367 [main] WebDriverManager - Using WebDriverManager 5.8.0
[DEBUG] 2024-06-23 21:58:17.400 [main] ResolutionCache - Resolution chrome=126 in cache (valid until 22:27:59 23/06/2024 IST)
[DEBUG] 2024-06-23 21:58:17.414 [main] ResolutionCache - Resolution chrome126=126.0.6478.63 in cache (valid until 21:45:26 24/06/2024 IST)
[INFO ] 2024-06-23 21:58:17.414 [main] WebDriverManager - Using chromedriver 126.0.6478.63 (resolved driver for Chrome 126)
[DEBUG] 2024-06-23 21:58:17.477 [main] WebDriverManager - Driver chromedriver 126.0.6478.63 found in cache
[INFO ] 2024-06-23 21:58:17.477 [main] WebDriverManager - Exporting webdriver.chrome.driver as C:\Users\anjalisachan\.cache\selenium\chromedriver\win64\126.0.6478.63\chromedriver.exe
[INFO ] 2024-06-23 21:58:22.041 [main] FlipkartCareerTest - User launches Chrome browser and navigates to the Flipkart homepage
[INFO ] 2024-06-23 21:58:22.128 [main] FlipkartCareerTest - User scrolls to the bottom of the page
[INFO ] 2024-06-23 21:58:24.341 [main] FlipkartCareerTest - User clicks on the Careers link
[INFO ] 2024-06-23 21:58:27.049 [main] FlipkartCareerTest - User is on the Flipkart Careers page
]]></system-out>
    <system-err><![CDATA[Jun 23, 2024 9:58:19 PM org.openqa.selenium.devtools.CdpVersionFinder findNearestMatch
WARNING: Unable to find an exact match for CDP version 126, returning the closest version; found: 125; Please update to a Selenium version that supports CDP version 126
]]></system-err>
  </testcase>
  <testcase name="testMiLink" classname="Test.FlipkartElectronicsTest" time="7.003">
    <system-out><![CDATA[[DEBUG] 2024-06-23 21:58:32.085 [main] WebDriverManager - Using WebDriverManager 5.8.0
[DEBUG] 2024-06-23 21:58:32.127 [main] ResolutionCache - Resolution chrome=126 in cache (valid until 22:27:59 23/06/2024 IST)
[DEBUG] 2024-06-23 21:58:32.132 [main] ResolutionCache - Resolution chrome126=126.0.6478.63 in cache (valid until 21:45:26 24/06/2024 IST)
[INFO ] 2024-06-23 21:58:32.132 [main] WebDriverManager - Using chromedriver 126.0.6478.63 (resolved driver for Chrome 126)
[DEBUG] 2024-06-23 21:58:32.164 [main] WebDriverManager - Driver chromedriver 126.0.6478.63 found in cache
[INFO ] 2024-06-23 21:58:32.164 [main] WebDriverManager - Exporting webdriver.chrome.driver as C:\Users\anjalisachan\.cache\selenium\chromedriver\win64\126.0.6478.63\chromedriver.exe
[INFO ] 2024-06-23 21:58:38.198 [main] FlipkartElectronicsTest - User launches Chrome browser and navigates to the Flipkart homepage
[INFO ] 2024-06-23 21:58:38.395 [main] FlipkartElectronicsTest - User hovers over the Login element
[INFO ] 2024-06-23 21:58:39.281 [main] FlipkartElectronicsTest - User clicks on the Flipkart Plus Zone link
[INFO ] 2024-06-23 21:58:39.463 [main] FlipkartElectronicsTest - User hovers over the Electronics element
[INFO ] 2024-06-23 21:58:41.817 [main] FlipkartElectronicsTest - User clicks on the Mi link
[INFO ] 2024-06-23 21:58:44.042 [main] FlipkartElectronicsTest - User is on the Mi page
]]></system-out>
    <system-err><![CDATA[Jun 23, 2024 9:58:33 PM org.openqa.selenium.devtools.CdpVersionFinder findNearestMatch
WARNING: Unable to find an exact match for CDP version 126, returning the closest version; found: 125; Please update to a Selenium version that supports CDP version 126
]]></system-err>
  </testcase>
  <testcase name="testGooglePlayLink" classname="Test.FlipkartFlightGoogleTest" time="11.198">
    <system-out><![CDATA[[DEBUG] 2024-06-23 21:58:45.230 [main] WebDriverManager - Using WebDriverManager 5.8.0
[DEBUG] 2024-06-23 21:58:45.246 [main] ResolutionCache - Resolution chrome=126 in cache (valid until 22:27:59 23/06/2024 IST)
[DEBUG] 2024-06-23 21:58:45.246 [main] ResolutionCache - Resolution chrome126=126.0.6478.63 in cache (valid until 21:45:26 24/06/2024 IST)
[INFO ] 2024-06-23 21:58:45.246 [main] WebDriverManager - Using chromedriver 126.0.6478.63 (resolved driver for Chrome 126)
[DEBUG] 2024-06-23 21:58:45.295 [main] WebDriverManager - Driver chromedriver 126.0.6478.63 found in cache
[INFO ] 2024-06-23 21:58:45.295 [main] WebDriverManager - Exporting webdriver.chrome.driver as C:\Users\anjalisachan\.cache\selenium\chromedriver\win64\126.0.6478.63\chromedriver.exe
[INFO ] 2024-06-23 21:58:49.745 [main] FlipkartFlightGoogleTest - User launches Chrome browser and navigates to the Flipkart homepage
[INFO ] 2024-06-23 21:58:49.927 [main] FlipkartFlightGoogleTest - User hovers over the Login element
[INFO ] 2024-06-23 21:58:52.767 [main] FlipkartFlightGoogleTest - User clicks on the Flipkart Plus Zone link
[INFO ] 2024-06-23 21:58:55.075 [main] FlipkartFlightGoogleTest - User clicks on the Flights link
[INFO ] 2024-06-23 21:58:57.249 [main] FlipkartFlightGoogleTest - User clicks on the Google Play Store image
[INFO ] 2024-06-23 21:58:59.272 [main] FlipkartFlightGoogleTest - User is on the Google Play Store page for the Flipkart app
]]></system-out>
    <system-err><![CDATA[Jun 23, 2024 9:58:47 PM org.openqa.selenium.devtools.CdpVersionFinder findNearestMatch
WARNING: Unable to find an exact match for CDP version 126, returning the closest version; found: 125; Please update to a Selenium version that supports CDP version 126
Jun 23, 2024 9:59:00 PM org.openqa.selenium.remote.http.WebSocket$Listener onError
WARNING: An existing connection was forcibly closed by the remote host
java.io.IOException: An existing connection was forcibly closed by the remote host
	at java.base/sun.nio.ch.SocketDispatcher.read0(Native Method)
	at java.base/sun.nio.ch.SocketDispatcher.read(SocketDispatcher.java:43)
	at java.base/sun.nio.ch.IOUtil.readIntoNativeBuffer(IOUtil.java:276)
	at java.base/sun.nio.ch.IOUtil.read(IOUtil.java:245)
	at java.base/sun.nio.ch.IOUtil.read(IOUtil.java:223)
	at java.base/sun.nio.ch.SocketChannelImpl.read(SocketChannelImpl.java:358)
	at java.net.http/jdk.internal.net.http.SocketTube.readAvailable(SocketTube.java:1153)
	at java.net.http/jdk.internal.net.http.SocketTube$InternalReadPublisher$InternalReadSubscription.read(SocketTube.java:821)
	at java.net.http/jdk.internal.net.http.SocketTube$SocketFlowTask.run(SocketTube.java:175)
	at java.net.http/jdk.internal.net.http.common.SequentialScheduler$SchedulableTask.run(SequentialScheduler.java:198)
	at java.net.http/jdk.internal.net.http.common.SequentialScheduler.runOrSchedule(SequentialScheduler.java:271)
	at java.net.http/jdk.internal.net.http.common.SequentialScheduler.runOrSchedule(SequentialScheduler.java:224)
	at java.net.http/jdk.internal.net.http.SocketTube$InternalReadPublisher$InternalReadSubscription.signalReadable(SocketTube.java:763)
	at java.net.http/jdk.internal.net.http.SocketTube$InternalReadPublisher$ReadEvent.signalEvent(SocketTube.java:941)
	at java.net.http/jdk.internal.net.http.SocketTube$SocketFlowEvent.handle(SocketTube.java:245)
	at java.net.http/jdk.internal.net.http.HttpClientImpl$SelectorManager.handleEvent(HttpClientImpl.java:957)
	at java.net.http/jdk.internal.net.http.HttpClientImpl$SelectorManager.lambda$run$3(HttpClientImpl.java:912)
	at java.base/java.util.ArrayList.forEach(ArrayList.java:1540)
	at java.net.http/jdk.internal.net.http.HttpClientImpl$SelectorManager.run(HttpClientImpl.java:912)

]]></system-err>
  </testcase>
  <testcase name="testFlightsLink" classname="Test.FlipkartFlightTest" time="8.581">
    <system-out><![CDATA[[DEBUG] 2024-06-23 21:59:00.993 [main] WebDriverManager - Using WebDriverManager 5.8.0
[DEBUG] 2024-06-23 21:59:01.008 [main] ResolutionCache - Resolution chrome=126 in cache (valid until 22:27:59 23/06/2024 IST)
[DEBUG] 2024-06-23 21:59:01.008 [main] ResolutionCache - Resolution chrome126=126.0.6478.63 in cache (valid until 21:45:26 24/06/2024 IST)
[INFO ] 2024-06-23 21:59:01.008 [main] WebDriverManager - Using chromedriver 126.0.6478.63 (resolved driver for Chrome 126)
[DEBUG] 2024-06-23 21:59:01.040 [main] WebDriverManager - Driver chromedriver 126.0.6478.63 found in cache
[INFO ] 2024-06-23 21:59:01.040 [main] WebDriverManager - Exporting webdriver.chrome.driver as C:\Users\anjalisachan\.cache\selenium\chromedriver\win64\126.0.6478.63\chromedriver.exe
[INFO ] 2024-06-23 21:59:05.696 [main] FlipkartFlightTest - User launches Chrome browser and navigates to the Flipkart homepage
[INFO ] 2024-06-23 21:59:05.890 [main] FlipkartFlightTest - User hovers over the Login element
[INFO ] 2024-06-23 21:59:08.782 [main] FlipkartFlightTest - User clicks on the Flipkart Plus Zone link
[INFO ] 2024-06-23 21:59:11.053 [main] FlipkartFlightTest - User clicks on the Flights link
[INFO ] 2024-06-23 21:59:13.081 [main] FlipkartFlightTest - User is on the Flights page
]]></system-out>
    <system-err><![CDATA[Jun 23, 2024 9:59:02 PM org.openqa.selenium.devtools.CdpVersionFinder findNearestMatch
WARNING: Unable to find an exact match for CDP version 126, returning the closest version; found: 125; Please update to a Selenium version that supports CDP version 126
Jun 23, 2024 9:59:13 PM org.openqa.selenium.remote.http.WebSocket$Listener onError
WARNING: An existing connection was forcibly closed by the remote host
java.io.IOException: An existing connection was forcibly closed by the remote host
	at java.base/sun.nio.ch.SocketDispatcher.read0(Native Method)
	at java.base/sun.nio.ch.SocketDispatcher.read(SocketDispatcher.java:43)
	at java.base/sun.nio.ch.IOUtil.readIntoNativeBuffer(IOUtil.java:276)
	at java.base/sun.nio.ch.IOUtil.read(IOUtil.java:245)
	at java.base/sun.nio.ch.IOUtil.read(IOUtil.java:223)
	at java.base/sun.nio.ch.SocketChannelImpl.read(SocketChannelImpl.java:358)
	at java.net.http/jdk.internal.net.http.SocketTube.readAvailable(SocketTube.java:1153)
	at java.net.http/jdk.internal.net.http.SocketTube$InternalReadPublisher$InternalReadSubscription.read(SocketTube.java:821)
	at java.net.http/jdk.internal.net.http.SocketTube$SocketFlowTask.run(SocketTube.java:175)
	at java.net.http/jdk.internal.net.http.common.SequentialScheduler$SchedulableTask.run(SequentialScheduler.java:198)
	at java.net.http/jdk.internal.net.http.common.SequentialScheduler.runOrSchedule(SequentialScheduler.java:271)
	at java.net.http/jdk.internal.net.http.common.SequentialScheduler.runOrSchedule(SequentialScheduler.java:224)
	at java.net.http/jdk.internal.net.http.SocketTube$InternalReadPublisher$InternalReadSubscription.signalReadable(SocketTube.java:763)
	at java.net.http/jdk.internal.net.http.SocketTube$InternalReadPublisher$ReadEvent.signalEvent(SocketTube.java:941)
	at java.net.http/jdk.internal.net.http.SocketTube$SocketFlowEvent.handle(SocketTube.java:245)
	at java.net.http/jdk.internal.net.http.HttpClientImpl$SelectorManager.handleEvent(HttpClientImpl.java:957)
	at java.net.http/jdk.internal.net.http.HttpClientImpl$SelectorManager.lambda$run$3(HttpClientImpl.java:912)
	at java.base/java.util.ArrayList.forEach(ArrayList.java:1540)
	at java.net.http/jdk.internal.net.http.HttpClientImpl$SelectorManager.run(HttpClientImpl.java:912)

]]></system-err>
  </testcase>
  <testcase name="testGroceryLink" classname="Test.FlipkartGroceryTest" time="2.166">
    <system-out><![CDATA[[DEBUG] 2024-06-23 21:59:14.307 [main] WebDriverManager - Using WebDriverManager 5.8.0
[DEBUG] 2024-06-23 21:59:14.331 [main] ResolutionCache - Resolution chrome=126 in cache (valid until 22:27:59 23/06/2024 IST)
[DEBUG] 2024-06-23 21:59:14.338 [main] ResolutionCache - Resolution chrome126=126.0.6478.63 in cache (valid until 21:45:26 24/06/2024 IST)
[INFO ] 2024-06-23 21:59:14.338 [main] WebDriverManager - Using chromedriver 126.0.6478.63 (resolved driver for Chrome 126)
[DEBUG] 2024-06-23 21:59:14.386 [main] WebDriverManager - Driver chromedriver 126.0.6478.63 found in cache
[INFO ] 2024-06-23 21:59:14.386 [main] WebDriverManager - Exporting webdriver.chrome.driver as C:\Users\anjalisachan\.cache\selenium\chromedriver\win64\126.0.6478.63\chromedriver.exe
[INFO ] 2024-06-23 21:59:19.087 [main] FlipkartGroceryTest - User launches Chrome browser and navigates to the Flipkart homepage
[INFO ] 2024-06-23 21:59:20.228 [main] FlipkartGroceryTest - User clicks on the Grocery element
]]></system-out>
    <system-err><![CDATA[Jun 23, 2024 9:59:16 PM org.openqa.selenium.devtools.CdpVersionFinder findNearestMatch
WARNING: Unable to find an exact match for CDP version 126, returning the closest version; found: 125; Please update to a Selenium version that supports CDP version 126
Jun 23, 2024 9:59:20 PM org.openqa.selenium.remote.http.WebSocket$Listener onError
WARNING: An existing connection was forcibly closed by the remote host
java.io.IOException: An existing connection was forcibly closed by the remote host
	at java.base/sun.nio.ch.SocketDispatcher.read0(Native Method)
	at java.base/sun.nio.ch.SocketDispatcher.read(SocketDispatcher.java:43)
	at java.base/sun.nio.ch.IOUtil.readIntoNativeBuffer(IOUtil.java:276)
	at java.base/sun.nio.ch.IOUtil.read(IOUtil.java:245)
	at java.base/sun.nio.ch.IOUtil.read(IOUtil.java:223)
	at java.base/sun.nio.ch.SocketChannelImpl.read(SocketChannelImpl.java:358)
	at java.net.http/jdk.internal.net.http.SocketTube.readAvailable(SocketTube.java:1153)
	at java.net.http/jdk.internal.net.http.SocketTube$InternalReadPublisher$InternalReadSubscription.read(SocketTube.java:821)
	at java.net.http/jdk.internal.net.http.SocketTube$SocketFlowTask.run(SocketTube.java:175)
	at java.net.http/jdk.internal.net.http.common.SequentialScheduler$SchedulableTask.run(SequentialScheduler.java:198)
	at java.net.http/jdk.internal.net.http.common.SequentialScheduler.runOrSchedule(SequentialScheduler.java:271)
	at java.net.http/jdk.internal.net.http.common.SequentialScheduler.runOrSchedule(SequentialScheduler.java:224)
	at java.net.http/jdk.internal.net.http.SocketTube$InternalReadPublisher$InternalReadSubscription.signalReadable(SocketTube.java:763)
	at java.net.http/jdk.internal.net.http.SocketTube$InternalReadPublisher$ReadEvent.signalEvent(SocketTube.java:941)
	at java.net.http/jdk.internal.net.http.SocketTube$SocketFlowEvent.handle(SocketTube.java:245)
	at java.net.http/jdk.internal.net.http.HttpClientImpl$SelectorManager.handleEvent(HttpClientImpl.java:957)
	at java.net.http/jdk.internal.net.http.HttpClientImpl$SelectorManager.lambda$run$3(HttpClientImpl.java:912)
	at java.base/java.util.ArrayList.forEach(ArrayList.java:1540)
	at java.net.http/jdk.internal.net.http.HttpClientImpl$SelectorManager.run(HttpClientImpl.java:912)

]]></system-err>
  </testcase>
  <testcase name="testMyntraLink" classname="Test.FlipkartMyntraTest" time="22.175">
    <system-out><![CDATA[[DEBUG] 2024-06-23 21:59:21.275 [main] WebDriverManager - Using WebDriverManager 5.8.0
[DEBUG] 2024-06-23 21:59:21.290 [main] ResolutionCache - Resolution chrome=126 in cache (valid until 22:27:59 23/06/2024 IST)
[DEBUG] 2024-06-23 21:59:21.290 [main] ResolutionCache - Resolution chrome126=126.0.6478.63 in cache (valid until 21:45:26 24/06/2024 IST)
[INFO ] 2024-06-23 21:59:21.306 [main] WebDriverManager - Using chromedriver 126.0.6478.63 (resolved driver for Chrome 126)
[DEBUG] 2024-06-23 21:59:21.337 [main] WebDriverManager - Driver chromedriver 126.0.6478.63 found in cache
[INFO ] 2024-06-23 21:59:21.337 [main] WebDriverManager - Exporting webdriver.chrome.driver as C:\Users\anjalisachan\.cache\selenium\chromedriver\win64\126.0.6478.63\chromedriver.exe
[INFO ] 2024-06-23 21:59:25.332 [main] FlipkartMyntraTest - User launches Chrome browser and navigates to the Flipkart homepage
[INFO ] 2024-06-23 21:59:25.406 [main] FlipkartMyntraTest - User scrolls to the bottom of the page
[INFO ] 2024-06-23 21:59:25.658 [main] FlipkartMyntraTest - User clicks on the Myntra link
[INFO ] 2024-06-23 21:59:44.643 [main] FlipkartMyntraTest - User is on the Myntra page
]]></system-out>
    <system-err><![CDATA[Jun 23, 2024 9:59:23 PM org.openqa.selenium.devtools.CdpVersionFinder findNearestMatch
WARNING: Unable to find an exact match for CDP version 126, returning the closest version; found: 125; Please update to a Selenium version that supports CDP version 126
]]></system-err>
  </testcase>
  <testcase name="testFlipkartPlusPage" classname="Test.FlipkartPlusTest" time="4.387">
    <system-out><![CDATA[[DEBUG] 2024-06-23 21:59:47.541 [main] WebDriverManager - Using WebDriverManager 5.8.0
[DEBUG] 2024-06-23 21:59:47.572 [main] ResolutionCache - Resolution chrome=126 in cache (valid until 22:27:59 23/06/2024 IST)
[DEBUG] 2024-06-23 21:59:47.572 [main] ResolutionCache - Resolution chrome126=126.0.6478.63 in cache (valid until 21:45:26 24/06/2024 IST)
[INFO ] 2024-06-23 21:59:47.572 [main] WebDriverManager - Using chromedriver 126.0.6478.63 (resolved driver for Chrome 126)
[DEBUG] 2024-06-23 21:59:47.619 [main] WebDriverManager - Driver chromedriver 126.0.6478.63 found in cache
[INFO ] 2024-06-23 21:59:47.619 [main] WebDriverManager - Exporting webdriver.chrome.driver as C:\Users\anjalisachan\.cache\selenium\chromedriver\win64\126.0.6478.63\chromedriver.exe
[INFO ] 2024-06-23 21:59:53.708 [main] FlipkartPlusTest - User launches Chrome browser and navigates to the Flipkart homepage
[INFO ] 2024-06-23 21:59:53.912 [main] FlipkartPlusTest - User hovers over the Login element
[INFO ] 2024-06-23 21:59:54.866 [main] FlipkartPlusTest - User clicks on the Flipkart Plus Zone link
[INFO ] 2024-06-23 21:59:56.957 [main] FlipkartPlusTest - User is on the Flipkart Plus page
]]></system-out>
    <system-err><![CDATA[Jun 23, 2024 9:59:49 PM org.openqa.selenium.devtools.CdpVersionFinder findNearestMatch
WARNING: Unable to find an exact match for CDP version 126, returning the closest version; found: 125; Please update to a Selenium version that supports CDP version 126
Jun 23, 2024 9:59:57 PM org.openqa.selenium.remote.http.WebSocket$Listener onError
WARNING: An existing connection was forcibly closed by the remote host
java.io.IOException: An existing connection was forcibly closed by the remote host
	at java.base/sun.nio.ch.SocketDispatcher.read0(Native Method)
	at java.base/sun.nio.ch.SocketDispatcher.read(SocketDispatcher.java:43)
	at java.base/sun.nio.ch.IOUtil.readIntoNativeBuffer(IOUtil.java:276)
	at java.base/sun.nio.ch.IOUtil.read(IOUtil.java:245)
	at java.base/sun.nio.ch.IOUtil.read(IOUtil.java:223)
	at java.base/sun.nio.ch.SocketChannelImpl.read(SocketChannelImpl.java:358)
	at java.net.http/jdk.internal.net.http.SocketTube.readAvailable(SocketTube.java:1153)
	at java.net.http/jdk.internal.net.http.SocketTube$InternalReadPublisher$InternalReadSubscription.read(SocketTube.java:821)
	at java.net.http/jdk.internal.net.http.SocketTube$SocketFlowTask.run(SocketTube.java:175)
	at java.net.http/jdk.internal.net.http.common.SequentialScheduler$SchedulableTask.run(SequentialScheduler.java:198)
	at java.net.http/jdk.internal.net.http.common.SequentialScheduler.runOrSchedule(SequentialScheduler.java:271)
	at java.net.http/jdk.internal.net.http.common.SequentialScheduler.runOrSchedule(SequentialScheduler.java:224)
	at java.net.http/jdk.internal.net.http.SocketTube$InternalReadPublisher$InternalReadSubscription.signalReadable(SocketTube.java:763)
	at java.net.http/jdk.internal.net.http.SocketTube$InternalReadPublisher$ReadEvent.signalEvent(SocketTube.java:941)
	at java.net.http/jdk.internal.net.http.SocketTube$SocketFlowEvent.handle(SocketTube.java:245)
	at java.net.http/jdk.internal.net.http.HttpClientImpl$SelectorManager.handleEvent(HttpClientImpl.java:957)
	at java.net.http/jdk.internal.net.http.HttpClientImpl$SelectorManager.lambda$run$3(HttpClientImpl.java:912)
	at java.base/java.util.ArrayList.forEach(ArrayList.java:1540)
	at java.net.http/jdk.internal.net.http.HttpClientImpl$SelectorManager.run(HttpClientImpl.java:912)

]]></system-err>
  </testcase>
  <testcase name="testYoutubeLink" classname="Test.FlipkartSocialMediaTest" time="5.356">
    <system-out><![CDATA[[DEBUG] 2024-06-23 21:59:58.127 [main] WebDriverManager - Using WebDriverManager 5.8.0
[DEBUG] 2024-06-23 21:59:58.158 [main] ResolutionCache - Resolution chrome=126 in cache (valid until 22:27:59 23/06/2024 IST)
[DEBUG] 2024-06-23 21:59:58.158 [main] ResolutionCache - Resolution chrome126=126.0.6478.63 in cache (valid until 21:45:26 24/06/2024 IST)
[INFO ] 2024-06-23 21:59:58.158 [main] WebDriverManager - Using chromedriver 126.0.6478.63 (resolved driver for Chrome 126)
[DEBUG] 2024-06-23 21:59:58.205 [main] WebDriverManager - Driver chromedriver 126.0.6478.63 found in cache
[INFO ] 2024-06-23 21:59:58.205 [main] WebDriverManager - Exporting webdriver.chrome.driver as C:\Users\anjalisachan\.cache\selenium\chromedriver\win64\126.0.6478.63\chromedriver.exe
[INFO ] 2024-06-23 22:00:02.690 [main] FlipkartSocialMediaTest - User launches Chrome browser and navigates to the Flipkart homepage
[INFO ] 2024-06-23 22:00:02.760 [main] FlipkartSocialMediaTest - User scrolls to the bottom of the page
[INFO ] 2024-06-23 22:00:03.013 [main] FlipkartSocialMediaTest - User clicks on the YouTube icon
[INFO ] 2024-06-23 22:00:06.885 [main] FlipkartSocialMediaTest - User is on the Flipkart YouTube page
]]></system-out>
    <system-err><![CDATA[Jun 23, 2024 9:59:59 PM org.openqa.selenium.devtools.CdpVersionFinder findNearestMatch
WARNING: Unable to find an exact match for CDP version 126, returning the closest version; found: 125; Please update to a Selenium version that supports CDP version 126
Jun 23, 2024 10:00:07 PM org.openqa.selenium.remote.http.WebSocket$Listener onError
WARNING: An existing connection was forcibly closed by the remote host
java.io.IOException: An existing connection was forcibly closed by the remote host
	at java.base/sun.nio.ch.SocketDispatcher.read0(Native Method)
	at java.base/sun.nio.ch.SocketDispatcher.read(SocketDispatcher.java:43)
	at java.base/sun.nio.ch.IOUtil.readIntoNativeBuffer(IOUtil.java:276)
	at java.base/sun.nio.ch.IOUtil.read(IOUtil.java:245)
	at java.base/sun.nio.ch.IOUtil.read(IOUtil.java:223)
	at java.base/sun.nio.ch.SocketChannelImpl.read(SocketChannelImpl.java:358)
	at java.net.http/jdk.internal.net.http.SocketTube.readAvailable(SocketTube.java:1153)
	at java.net.http/jdk.internal.net.http.SocketTube$InternalReadPublisher$InternalReadSubscription.read(SocketTube.java:821)
	at java.net.http/jdk.internal.net.http.SocketTube$SocketFlowTask.run(SocketTube.java:175)
	at java.net.http/jdk.internal.net.http.common.SequentialScheduler$SchedulableTask.run(SequentialScheduler.java:198)
	at java.net.http/jdk.internal.net.http.common.SequentialScheduler.runOrSchedule(SequentialScheduler.java:271)
	at java.net.http/jdk.internal.net.http.common.SequentialScheduler.runOrSchedule(SequentialScheduler.java:224)
	at java.net.http/jdk.internal.net.http.SocketTube$InternalReadPublisher$InternalReadSubscription.signalReadable(SocketTube.java:763)
	at java.net.http/jdk.internal.net.http.SocketTube$InternalReadPublisher$ReadEvent.signalEvent(SocketTube.java:941)
	at java.net.http/jdk.internal.net.http.SocketTube$SocketFlowEvent.handle(SocketTube.java:245)
	at java.net.http/jdk.internal.net.http.HttpClientImpl$SelectorManager.handleEvent(HttpClientImpl.java:957)
	at java.net.http/jdk.internal.net.http.HttpClientImpl$SelectorManager.lambda$run$3(HttpClientImpl.java:912)
	at java.base/java.util.ArrayList.forEach(ArrayList.java:1540)
	at java.net.http/jdk.internal.net.http.HttpClientImpl$SelectorManager.run(HttpClientImpl.java:912)

]]></system-err>
  </testcase>
  <testcase name="testFlipkartStoriesSubscribe" classname="Test.FlipkartStoriesTest" time="32.616">
    <system-out><![CDATA[[DEBUG] 2024-06-23 22:00:08.099 [main] WebDriverManager - Using WebDriverManager 5.8.0
[DEBUG] 2024-06-23 22:00:08.115 [main] ResolutionCache - Resolution chrome=126 in cache (valid until 22:27:59 23/06/2024 IST)
[DEBUG] 2024-06-23 22:00:08.115 [main] ResolutionCache - Resolution chrome126=126.0.6478.63 in cache (valid until 21:45:26 24/06/2024 IST)
[INFO ] 2024-06-23 22:00:08.115 [main] WebDriverManager - Using chromedriver 126.0.6478.63 (resolved driver for Chrome 126)
[DEBUG] 2024-06-23 22:00:08.146 [main] WebDriverManager - Driver chromedriver 126.0.6478.63 found in cache
[INFO ] 2024-06-23 22:00:08.146 [main] WebDriverManager - Exporting webdriver.chrome.driver as C:\Users\anjalisachan\.cache\selenium\chromedriver\win64\126.0.6478.63\chromedriver.exe
[INFO ] 2024-06-23 22:00:12.967 [main] FlipkartStoriesTest - User launches Chrome browser and navigates to the Flipkart homepage
[INFO ] 2024-06-23 22:00:13.036 [main] FlipkartStoriesTest - User scrolls to the bottom of the page
[INFO ] 2024-06-23 22:00:19.435 [main] FlipkartStoriesTest - User clicks on the Flipkart Stories link
[INFO ] 2024-06-23 22:00:19.627 [main] FlipkartStoriesTest - User clicks on the Subscribe button
[INFO ] 2024-06-23 22:00:44.298 [main] FlipkartStoriesTest - User is on the Subscribe page
]]></system-out>
    <system-err><![CDATA[Jun 23, 2024 10:00:09 PM org.openqa.selenium.devtools.CdpVersionFinder findNearestMatch
WARNING: Unable to find an exact match for CDP version 126, returning the closest version; found: 125; Please update to a Selenium version that supports CDP version 126
]]></system-err>
  </testcase>
  <testcase name="testGiftCardPage" classname="Test.GiftCardTest" time="4.284">
    <system-out><![CDATA[[DEBUG] 2024-06-23 22:00:45.603 [main] WebDriverManager - Using WebDriverManager 5.8.0
[DEBUG] 2024-06-23 22:00:45.618 [main] ResolutionCache - Resolution chrome=126 in cache (valid until 22:27:59 23/06/2024 IST)
[DEBUG] 2024-06-23 22:00:45.618 [main] ResolutionCache - Resolution chrome126=126.0.6478.63 in cache (valid until 21:45:26 24/06/2024 IST)
[INFO ] 2024-06-23 22:00:45.618 [main] WebDriverManager - Using chromedriver 126.0.6478.63 (resolved driver for Chrome 126)
[DEBUG] 2024-06-23 22:00:45.649 [main] WebDriverManager - Driver chromedriver 126.0.6478.63 found in cache
[INFO ] 2024-06-23 22:00:45.649 [main] WebDriverManager - Exporting webdriver.chrome.driver as C:\Users\anjalisachan\.cache\selenium\chromedriver\win64\126.0.6478.63\chromedriver.exe
[INFO ] 2024-06-23 22:00:49.992 [main] GiftCardTest - User launches Chrome browser and navigates to the Flipkart homepage
[INFO ] 2024-06-23 22:00:50.191 [main] GiftCardTest - User hovers over the Login element
[INFO ] 2024-06-23 22:00:51.135 [main] GiftCardTest - User clicks on the Gift Cards link
[INFO ] 2024-06-23 22:00:53.227 [main] GiftCardTest - User is on the Gift Cards page
]]></system-out>
    <system-err><![CDATA[Jun 23, 2024 10:00:47 PM org.openqa.selenium.devtools.CdpVersionFinder findNearestMatch
WARNING: Unable to find an exact match for CDP version 126, returning the closest version; found: 125; Please update to a Selenium version that supports CDP version 126
]]></system-err>
  </testcase>
  <testcase name="testLoginLink[addtocartpage, headphone, yes](1)" classname="Test.LoginTest" time="0.03">
    <system-out><![CDATA[[DEBUG] 2024-06-23 22:00:54.283 [main] WebDriverManager - Using WebDriverManager 5.8.0
[DEBUG] 2024-06-23 22:00:54.299 [main] ResolutionCache - Resolution chrome=126 in cache (valid until 22:27:59 23/06/2024 IST)
[DEBUG] 2024-06-23 22:00:54.299 [main] ResolutionCache - Resolution chrome126=126.0.6478.63 in cache (valid until 21:45:26 24/06/2024 IST)
[INFO ] 2024-06-23 22:00:54.299 [main] WebDriverManager - Using chromedriver 126.0.6478.63 (resolved driver for Chrome 126)
[DEBUG] 2024-06-23 22:00:54.330 [main] WebDriverManager - Driver chromedriver 126.0.6478.63 found in cache
[INFO ] 2024-06-23 22:00:54.330 [main] WebDriverManager - Exporting webdriver.chrome.driver as C:\Users\anjalisachan\.cache\selenium\chromedriver\win64\126.0.6478.63\chromedriver.exe
[DEBUG] 2024-06-23 22:01:00.641 [main] PackageRelationshipCollection - Parsing relationship: /xl/_rels/workbook.xml.rels
[DEBUG] 2024-06-23 22:01:00.646 [main] PackageRelationshipCollection - Parsing relationship: /xl/worksheets/_rels/sheet1.xml.rels
[DEBUG] 2024-06-23 22:01:00.649 [main] PackageRelationshipCollection - Parsing relationship: /_rels/.rels
Data read from cell [1,0]: addtocartpage
Data read from cell [1,1]: headphone
Data read from cell [1,2]: yes
[INFO ] 2024-06-23 22:01:00.693 [main] LoginTest - Data read from Excel - Row 1: addtocartpage, headphone, yes
Data read from Excel - Row 1: addtocartpage, headphone, yes
Data read from cell [2,0]: loginpage
Data read from cell [2,1]: person1@gmail.com
Data read from cell [2,2]: yes
[INFO ] 2024-06-23 22:01:00.693 [main] LoginTest - Data read from Excel - Row 2: loginpage, person1@gmail.com, yes
Data read from Excel - Row 2: loginpage, person1@gmail.com, yes
Data read from cell [3,0]: productfilterpage
Data read from cell [3,1]: mobile
Data read from cell [3,2]: yes
[INFO ] 2024-06-23 22:01:00.693 [main] LoginTest - Data read from Excel - Row 3: productfilterpage, mobile, yes
Data read from Excel - Row 3: productfilterpage, mobile, yes
]]></system-out>
    <system-err><![CDATA[Jun 23, 2024 10:00:56 PM org.openqa.selenium.devtools.CdpVersionFinder findNearestMatch
WARNING: Unable to find an exact match for CDP version 126, returning the closest version; found: 125; Please update to a Selenium version that supports CDP version 126
]]></system-err>
  </testcase>
  <testcase name="testLoginLink[loginpage, person1@gmail.com, yes](2)" classname="Test.LoginTest" time="5.01">
    <system-out><![CDATA[[INFO ] 2024-06-23 22:01:00.738 [main] LoginTest - User launches Chrome browser and opens login
[INFO ] 2024-06-23 22:01:02.492 [main] LoginTest - User clicks on the Login link
[INFO ] 2024-06-23 22:01:04.737 [main] LoginTest - User enters email: person1@gmail.com
[INFO ] 2024-06-23 22:01:04.737 [main] LoginTest - Expected and Actual Url matches
]]></system-out>
    <system-err><![CDATA[Jun 23, 2024 10:01:05 PM org.openqa.selenium.remote.http.WebSocket$Listener onError
WARNING: An existing connection was forcibly closed by the remote host
java.io.IOException: An existing connection was forcibly closed by the remote host
	at java.base/sun.nio.ch.SocketDispatcher.read0(Native Method)
	at java.base/sun.nio.ch.SocketDispatcher.read(SocketDispatcher.java:43)
	at java.base/sun.nio.ch.IOUtil.readIntoNativeBuffer(IOUtil.java:276)
	at java.base/sun.nio.ch.IOUtil.read(IOUtil.java:245)
	at java.base/sun.nio.ch.IOUtil.read(IOUtil.java:223)
	at java.base/sun.nio.ch.SocketChannelImpl.read(SocketChannelImpl.java:358)
	at java.net.http/jdk.internal.net.http.SocketTube.readAvailable(SocketTube.java:1153)
	at java.net.http/jdk.internal.net.http.SocketTube$InternalReadPublisher$InternalReadSubscription.read(SocketTube.java:821)
	at java.net.http/jdk.internal.net.http.SocketTube$SocketFlowTask.run(SocketTube.java:175)
	at java.net.http/jdk.internal.net.http.common.SequentialScheduler$SchedulableTask.run(SequentialScheduler.java:198)
	at java.net.http/jdk.internal.net.http.common.SequentialScheduler.runOrSchedule(SequentialScheduler.java:271)
	at java.net.http/jdk.internal.net.http.common.SequentialScheduler.runOrSchedule(SequentialScheduler.java:224)
	at java.net.http/jdk.internal.net.http.SocketTube$InternalReadPublisher$InternalReadSubscription.signalReadable(SocketTube.java:763)
	at java.net.http/jdk.internal.net.http.SocketTube$InternalReadPublisher$ReadEvent.signalEvent(SocketTube.java:941)
	at java.net.http/jdk.internal.net.http.SocketTube$SocketFlowEvent.handle(SocketTube.java:245)
	at java.net.http/jdk.internal.net.http.HttpClientImpl$SelectorManager.handleEvent(HttpClientImpl.java:957)
	at java.net.http/jdk.internal.net.http.HttpClientImpl$SelectorManager.lambda$run$3(HttpClientImpl.java:912)
	at java.base/java.util.ArrayList.forEach(ArrayList.java:1540)
	at java.net.http/jdk.internal.net.http.HttpClientImpl$SelectorManager.run(HttpClientImpl.java:912)

]]></system-err>
  </testcase>
  <testcase name="testLoginLink[productfilterpage, mobile, yes](3)" classname="Test.LoginTest" time="0.0"/>
  <testcase name="testAppleIpadLink" classname="Test.OfferZoneTest" time="18.514">
    <system-out><![CDATA[[DEBUG] 2024-06-23 22:01:05.797 [main] WebDriverManager - Using WebDriverManager 5.8.0
[DEBUG] 2024-06-23 22:01:05.812 [main] ResolutionCache - Resolution chrome=126 in cache (valid until 22:27:59 23/06/2024 IST)
[DEBUG] 2024-06-23 22:01:05.812 [main] ResolutionCache - Resolution chrome126=126.0.6478.63 in cache (valid until 21:45:26 24/06/2024 IST)
[INFO ] 2024-06-23 22:01:05.812 [main] WebDriverManager - Using chromedriver 126.0.6478.63 (resolved driver for Chrome 126)
[DEBUG] 2024-06-23 22:01:05.843 [main] WebDriverManager - Driver chromedriver 126.0.6478.63 found in cache
[INFO ] 2024-06-23 22:01:05.843 [main] WebDriverManager - Exporting webdriver.chrome.driver as C:\Users\anjalisachan\.cache\selenium\chromedriver\win64\126.0.6478.63\chromedriver.exe
[INFO ] 2024-06-23 22:01:10.771 [main] OfferZoneTest - User launches Chrome browser and navigates to the Flipkart homepage
[INFO ] 2024-06-23 22:01:10.966 [main] OfferZoneTest - User hovers over the Login element
[INFO ] 2024-06-23 22:01:13.865 [main] OfferZoneTest - User clicks on the Flipkart Plus Zone link
[INFO ] 2024-06-23 22:01:16.285 [main] OfferZoneTest - User clicks on the Offer Zone link
[INFO ] 2024-06-23 22:01:18.446 [main] OfferZoneTest - User clicks on the Apple iPads link
[INFO ] 2024-06-23 22:01:18.463 [main] OfferZoneTest - User is on the Apple iPads page
[INFO ] 2024-06-23 22:01:20.686 [main] OfferZoneTest - User clicks on the Apple iPad 10th Gen link
[INFO ] 2024-06-23 22:01:26.012 [main] OfferZoneTest - User clicks on Add to Cart
]]></system-out>
    <system-err><![CDATA[Jun 23, 2024 10:01:07 PM org.openqa.selenium.devtools.CdpVersionFinder findNearestMatch
WARNING: Unable to find an exact match for CDP version 126, returning the closest version; found: 125; Please update to a Selenium version that supports CDP version 126
]]></system-err>
  </testcase>
  <testcase name="testChangePincode[pincodepage, 123456, yes](1)" classname="Test.PincodeChangeTest" time="11.896">
    <system-out><![CDATA[[DEBUG] 2024-06-23 22:01:29.314 [main] WebDriverManager - Using WebDriverManager 5.8.0
[DEBUG] 2024-06-23 22:01:29.329 [main] ResolutionCache - Resolution chrome=126 in cache (valid until 22:27:59 23/06/2024 IST)
[DEBUG] 2024-06-23 22:01:29.340 [main] ResolutionCache - Resolution chrome126=126.0.6478.63 in cache (valid until 21:45:26 24/06/2024 IST)
[INFO ] 2024-06-23 22:01:29.340 [main] WebDriverManager - Using chromedriver 126.0.6478.63 (resolved driver for Chrome 126)
[DEBUG] 2024-06-23 22:01:29.377 [main] WebDriverManager - Driver chromedriver 126.0.6478.63 found in cache
[INFO ] 2024-06-23 22:01:29.377 [main] WebDriverManager - Exporting webdriver.chrome.driver as C:\Users\anjalisachan\.cache\selenium\chromedriver\win64\126.0.6478.63\chromedriver.exe
[DEBUG] 2024-06-23 22:01:37.285 [main] PackageRelationshipCollection - Parsing relationship: /xl/_rels/workbook.xml.rels
[DEBUG] 2024-06-23 22:01:37.285 [main] PackageRelationshipCollection - Parsing relationship: /xl/worksheets/_rels/sheet1.xml.rels
[DEBUG] 2024-06-23 22:01:37.285 [main] PackageRelationshipCollection - Parsing relationship: /_rels/.rels
Data read from cell [1,0]: pincodepage
Data read from cell [1,1]: 123456
Data read from cell [1,2]: yes
[INFO ] 2024-06-23 22:01:37.363 [main] PincodeChangeTest - Data read from Excel - Row 1: pincodepage, 123456, yes
[INFO ] 2024-06-23 22:01:37.393 [main] PincodeChangeTest - User launches Chrome browser and navigates to the pincode change page
[INFO ] 2024-06-23 22:01:42.508 [main] PincodeChangeTest - User clicks on product
[INFO ] 2024-06-23 22:01:46.092 [main] PincodeChangeTest - User enters a new pincode and clicks on the Change button
[INFO ] 2024-06-23 22:01:48.339 [main] PincodeChangeTest - Verified the error message for invalid pincode
]]></system-out>
    <system-err><![CDATA[Jun 23, 2024 10:01:31 PM org.openqa.selenium.devtools.CdpVersionFinder findNearestMatch
WARNING: Unable to find an exact match for CDP version 126, returning the closest version; found: 125; Please update to a Selenium version that supports CDP version 126
]]></system-err>
  </testcase>
  <testcase name="testRemoveItemFromCart" classname="Test.RemoveProductTest" time="14.577">
    <system-out><![CDATA[[DEBUG] 2024-06-23 22:01:49.291 [main] WebDriverManager - Using WebDriverManager 5.8.0
[DEBUG] 2024-06-23 22:01:49.322 [main] ResolutionCache - Resolution chrome=126 in cache (valid until 22:27:59 23/06/2024 IST)
[DEBUG] 2024-06-23 22:01:49.322 [main] ResolutionCache - Resolution chrome126=126.0.6478.63 in cache (valid until 21:45:26 24/06/2024 IST)
[INFO ] 2024-06-23 22:01:49.322 [main] WebDriverManager - Using chromedriver 126.0.6478.63 (resolved driver for Chrome 126)
[DEBUG] 2024-06-23 22:01:49.338 [main] WebDriverManager - Driver chromedriver 126.0.6478.63 found in cache
[INFO ] 2024-06-23 22:01:49.338 [main] WebDriverManager - Exporting webdriver.chrome.driver as C:\Users\anjalisachan\.cache\selenium\chromedriver\win64\126.0.6478.63\chromedriver.exe
[INFO ] 2024-06-23 22:01:54.189 [main] RemoveProductTest - User launches Chrome browser
[INFO ] 2024-06-23 22:02:01.191 [main] RemoveProductTest - Verified that the product is added to the cart and navigated to the cart page
[INFO ] 2024-06-23 22:02:05.531 [main] RemoveProductTest - Product removed from the cart
]]></system-out>
    <system-err><![CDATA[Jun 23, 2024 10:01:50 PM org.openqa.selenium.devtools.CdpVersionFinder findNearestMatch
WARNING: Unable to find an exact match for CDP version 126, returning the closest version; found: 125; Please update to a Selenium version that supports CDP version 126
]]></system-err>
  </testcase>
  <testcase name="searchPageTest" classname="Test.SearchTest" time="6.349">
    <system-out><![CDATA[[DEBUG] 2024-06-23 22:02:08.789 [main] WebDriverManager - Using WebDriverManager 5.8.0
[DEBUG] 2024-06-23 22:02:08.806 [main] ResolutionCache - Resolution chrome=126 in cache (valid until 22:27:59 23/06/2024 IST)
[DEBUG] 2024-06-23 22:02:08.806 [main] ResolutionCache - Resolution chrome126=126.0.6478.63 in cache (valid until 21:45:26 24/06/2024 IST)
[INFO ] 2024-06-23 22:02:08.806 [main] WebDriverManager - Using chromedriver 126.0.6478.63 (resolved driver for Chrome 126)
[DEBUG] 2024-06-23 22:02:08.821 [main] WebDriverManager - Driver chromedriver 126.0.6478.63 found in cache
[INFO ] 2024-06-23 22:02:08.821 [main] WebDriverManager - Exporting webdriver.chrome.driver as C:\Users\anjalisachan\.cache\selenium\chromedriver\win64\126.0.6478.63\chromedriver.exe
[INFO ] 2024-06-23 22:02:13.078 [main] SearchTest - User launches Chrome browser
[INFO ] 2024-06-23 22:02:13.078 [main] SearchTest - User enters the product to be searched and hits enter: headphones
[INFO ] 2024-06-23 22:02:18.278 [main] SearchTest - Skipping test as execution required is set to no for page: searchpage
Skipping test as execution required is set to no for page: searchpage
]]></system-out>
    <system-err><![CDATA[Jun 23, 2024 10:02:10 PM org.openqa.selenium.devtools.CdpVersionFinder findNearestMatch
WARNING: Unable to find an exact match for CDP version 126, returning the closest version; found: 125; Please update to a Selenium version that supports CDP version 126
Jun 23, 2024 10:02:18 PM org.openqa.selenium.remote.http.WebSocket$Listener onError
WARNING: An existing connection was forcibly closed by the remote host
java.io.IOException: An existing connection was forcibly closed by the remote host
	at java.base/sun.nio.ch.SocketDispatcher.read0(Native Method)
	at java.base/sun.nio.ch.SocketDispatcher.read(SocketDispatcher.java:43)
	at java.base/sun.nio.ch.IOUtil.readIntoNativeBuffer(IOUtil.java:276)
	at java.base/sun.nio.ch.IOUtil.read(IOUtil.java:245)
	at java.base/sun.nio.ch.IOUtil.read(IOUtil.java:223)
	at java.base/sun.nio.ch.SocketChannelImpl.read(SocketChannelImpl.java:358)
	at java.net.http/jdk.internal.net.http.SocketTube.readAvailable(SocketTube.java:1153)
	at java.net.http/jdk.internal.net.http.SocketTube$InternalReadPublisher$InternalReadSubscription.read(SocketTube.java:821)
	at java.net.http/jdk.internal.net.http.SocketTube$SocketFlowTask.run(SocketTube.java:175)
	at java.net.http/jdk.internal.net.http.common.SequentialScheduler$SchedulableTask.run(SequentialScheduler.java:198)
	at java.net.http/jdk.internal.net.http.common.SequentialScheduler.runOrSchedule(SequentialScheduler.java:271)
	at java.net.http/jdk.internal.net.http.common.SequentialScheduler.runOrSchedule(SequentialScheduler.java:224)
	at java.net.http/jdk.internal.net.http.SocketTube$InternalReadPublisher$InternalReadSubscription.signalReadable(SocketTube.java:763)
	at java.net.http/jdk.internal.net.http.SocketTube$InternalReadPublisher$ReadEvent.signalEvent(SocketTube.java:941)
	at java.net.http/jdk.internal.net.http.SocketTube$SocketFlowEvent.handle(SocketTube.java:245)
	at java.net.http/jdk.internal.net.http.HttpClientImpl$SelectorManager.handleEvent(HttpClientImpl.java:957)
	at java.net.http/jdk.internal.net.http.HttpClientImpl$SelectorManager.lambda$run$3(HttpClientImpl.java:912)
	at java.base/java.util.ArrayList.forEach(ArrayList.java:1540)
	at java.net.http/jdk.internal.net.http.HttpClientImpl$SelectorManager.run(HttpClientImpl.java:912)

]]></system-err>
  </testcase>
  <testcase name="testSellerPage" classname="Test.SellerTest" time="6.945">
    <system-out><![CDATA[[DEBUG] 2024-06-23 22:02:19.474 [main] WebDriverManager - Using WebDriverManager 5.8.0
[DEBUG] 2024-06-23 22:02:19.506 [main] ResolutionCache - Resolution chrome=126 in cache (valid until 22:27:59 23/06/2024 IST)
[DEBUG] 2024-06-23 22:02:19.506 [main] ResolutionCache - Resolution chrome126=126.0.6478.63 in cache (valid until 21:45:26 24/06/2024 IST)
[INFO ] 2024-06-23 22:02:19.506 [main] WebDriverManager - Using chromedriver 126.0.6478.63 (resolved driver for Chrome 126)
[DEBUG] 2024-06-23 22:02:19.530 [main] WebDriverManager - Driver chromedriver 126.0.6478.63 found in cache
[INFO ] 2024-06-23 22:02:19.530 [main] WebDriverManager - Exporting webdriver.chrome.driver as C:\Users\anjalisachan\.cache\selenium\chromedriver\win64\126.0.6478.63\chromedriver.exe
[INFO ] 2024-06-23 22:02:24.951 [main] SellerTest - User launches Chrome browser and navigates to the Flipkart homepage
[INFO ] 2024-06-23 22:02:28.756 [main] SellerTest - User clicks on the Become a Seller link
[INFO ] 2024-06-23 22:02:30.824 [main] SellerTest - Start Selling button is present on the page
]]></system-out>
    <system-err><![CDATA[Jun 23, 2024 10:02:21 PM org.openqa.selenium.devtools.CdpVersionFinder findNearestMatch
WARNING: Unable to find an exact match for CDP version 126, returning the closest version; found: 125; Please update to a Selenium version that supports CDP version 126
Jun 23, 2024 10:02:31 PM org.openqa.selenium.remote.http.WebSocket$Listener onError
WARNING: An existing connection was forcibly closed by the remote host
java.io.IOException: An existing connection was forcibly closed by the remote host
	at java.base/sun.nio.ch.SocketDispatcher.read0(Native Method)
	at java.base/sun.nio.ch.SocketDispatcher.read(SocketDispatcher.java:43)
	at java.base/sun.nio.ch.IOUtil.readIntoNativeBuffer(IOUtil.java:276)
	at java.base/sun.nio.ch.IOUtil.read(IOUtil.java:245)
	at java.base/sun.nio.ch.IOUtil.read(IOUtil.java:223)
	at java.base/sun.nio.ch.SocketChannelImpl.read(SocketChannelImpl.java:358)
	at java.net.http/jdk.internal.net.http.SocketTube.readAvailable(SocketTube.java:1153)
	at java.net.http/jdk.internal.net.http.SocketTube$InternalReadPublisher$InternalReadSubscription.read(SocketTube.java:821)
	at java.net.http/jdk.internal.net.http.SocketTube$SocketFlowTask.run(SocketTube.java:175)
	at java.net.http/jdk.internal.net.http.common.SequentialScheduler$SchedulableTask.run(SequentialScheduler.java:198)
	at java.net.http/jdk.internal.net.http.common.SequentialScheduler.runOrSchedule(SequentialScheduler.java:271)
	at java.net.http/jdk.internal.net.http.common.SequentialScheduler.runOrSchedule(SequentialScheduler.java:224)
	at java.net.http/jdk.internal.net.http.SocketTube$InternalReadPublisher$InternalReadSubscription.signalReadable(SocketTube.java:763)
	at java.net.http/jdk.internal.net.http.SocketTube$InternalReadPublisher$ReadEvent.signalEvent(SocketTube.java:941)
	at java.net.http/jdk.internal.net.http.SocketTube$SocketFlowEvent.handle(SocketTube.java:245)
	at java.net.http/jdk.internal.net.http.HttpClientImpl$SelectorManager.handleEvent(HttpClientImpl.java:957)
	at java.net.http/jdk.internal.net.http.HttpClientImpl$SelectorManager.lambda$run$3(HttpClientImpl.java:912)
	at java.base/java.util.ArrayList.forEach(ArrayList.java:1540)
	at java.net.http/jdk.internal.net.http.HttpClientImpl$SelectorManager.run(HttpClientImpl.java:912)

]]></system-err>
  </testcase>
</testsuite>