<?xml version="1.0" encoding="UTF-8"?>
<!-- Generated by org.testng.reporters.JUnitReportReporter -->
<testsuite hostname="IN-D80D5S3" failures="0" tests="1" name="Test.SearchTest" time="5.286" errors="0" timestamp="2024-06-23T18:48:28 IST" skipped="0">
  <testcase classname="Test.SearchTest" name="searchPageTest" time="5.286"/>
</testsuite> <!-- Test.SearchTest -->
