<?xml version="1.0" encoding="UTF-8"?>
<!-- Generated by org.testng.reporters.JUnitReportReporter -->
<testsuite hostname="IN-D80D5S3" failures="0" tests="1" name="Test.FlipkartCareerTest" time="7.981" errors="0" timestamp="2024-06-22T22:14:38 IST" skipped="0">
  <testcase classname="Test.FlipkartCareerTest" name="testCareerLink" time="7.981"/>
</testsuite> <!-- Test.FlipkartCareerTest -->
