<?xml version="1.0" encoding="UTF-8"?>
<!-- Generated by org.testng.reporters.JUnitReportReporter -->
<testsuite hostname="IN-D80D5S3" failures="0" tests="3" name="Test.AddToCartTest" time="13.327" errors="0" timestamp="2024-06-23T18:32:41 IST" skipped="0">
  <testcase classname="Test.AddToCartTest" name="testAddProductToCart" time="13.311"/>
  <testcase classname="Test.AddToCartTest" name="testAddProductToCart" time="0.000"/>
  <testcase classname="Test.AddToCartTest" name="testAddProductToCart" time="0.016"/>
</testsuite> <!-- Test.AddToCartTest -->
