<?xml version="1.0" encoding="UTF-8"?>
<!-- Generated by org.testng.reporters.JUnitReportReporter -->
<testsuite hostname="IN-D80D5S3" failures="0" tests="4" name="Test.ProductFilter" time="4.743" errors="0" timestamp="2024-06-17T11:12:48 IST" skipped="0">
  <testcase classname="Test.ProductFilter" name="testApplySamsungFilter" time="0.011"/>
  <testcase classname="Test.ProductFilter" name="testApplySamsungFilter" time="0.000"/>
  <testcase classname="Test.ProductFilter" name="testApplySamsungFilter" time="0.003"/>
  <testcase classname="Test.ProductFilter" name="testApplySamsungFilter" time="4.729"/>
</testsuite> <!-- Test.ProductFilter -->
