<?xml version="1.0" encoding="UTF-8"?>
<!-- Generated by org.testng.reporters.JUnitReportReporter -->
<testsuite hostname="IN-D80D5S3" failures="0" tests="4" name="Test.LoginTest" time="4.169" errors="0" timestamp="2024-06-17T11:12:48 IST" skipped="0">
  <testcase classname="Test.LoginTest" name="testLoginLink" time="0.002"/>
  <testcase classname="Test.LoginTest" name="testLoginLink" time="4.163"/>
  <testcase classname="Test.LoginTest" name="testLoginLink" time="0.003"/>
  <testcase classname="Test.LoginTest" name="testLoginLink" time="0.001"/>
</testsuite> <!-- Test.LoginTest -->
