<?xml version="1.0" encoding="UTF-8"?>
<!-- Generated by org.testng.reporters.JUnitReportReporter -->
<testsuite hostname="IN-D80D5S3" failures="0" tests="1" name="Test.GiftCardTest" time="9.979" errors="0" timestamp="2024-06-17T11:55:03 IST" skipped="0">
  <testcase classname="Test.GiftCardTest" name="testGiftCardPage" time="9.979"/>
</testsuite> <!-- Test.GiftCardTest -->
