<?xml version="1.0" encoding="UTF-8"?>
<!-- Generated by org.testng.reporters.JUnitReportReporter -->
<testsuite hostname="IN-D80D5S3" failures="0" tests="1" name="Test.OfferZoneTest" time="18.519" errors="0" timestamp="2024-06-23T22:02:32 IST" skipped="0">
  <testcase classname="Test.OfferZoneTest" name="testAppleIpadLink" time="18.519"/>
</testsuite> <!-- Test.OfferZoneTest -->
