<?xml version="1.0" encoding="UTF-8"?>
<!-- Generated by org.testng.reporters.JUnitReportReporter -->
<testsuite hostname="IN-D80D5S3" failures="0" tests="4" name="Test.LoginTest" time="7.997" errors="0" timestamp="2024-06-17T11:55:03 IST" skipped="0">
  <testcase classname="Test.LoginTest" name="testLoginLink" time="7.950"/>
  <testcase classname="Test.LoginTest" name="testLoginLink" time="0.000"/>
  <testcase classname="Test.LoginTest" name="testLoginLink" time="0.000"/>
  <testcase classname="Test.LoginTest" name="testLoginLink" time="0.047"/>
</testsuite> <!-- Test.LoginTest -->
