<?xml version="1.0" encoding="UTF-8"?>
<!-- Generated by org.testng.reporters.JUnitReportReporter -->
<testsuite hostname="IN-D80D5S3" failures="0" tests="1" name="Test.OfferZoneTest" time="24.504" errors="0" timestamp="2024-06-17T11:55:03 IST" skipped="0">
  <testcase classname="Test.OfferZoneTest" name="testAppleIpadLink" time="24.504"/>
</testsuite> <!-- Test.OfferZoneTest -->
