<?xml version="1.0" encoding="UTF-8"?>
<!-- Generated by org.testng.reporters.JUnitReportReporter -->
<testsuite hostname="IN-D80D5S3" failures="0" tests="1" name="Test.CustomerCareTest" time="4.236" errors="0" timestamp="2024-06-23T22:02:32 IST" skipped="0">
  <testcase classname="Test.CustomerCareTest" name="testCustomerCare" time="4.236"/>
</testsuite> <!-- Test.CustomerCareTest -->
