<?xml version="1.0" encoding="UTF-8"?>
<!-- Generated by org.testng.reporters.JUnitReportReporter -->
<testsuite hostname="IN-D80D5S3" failures="0" tests="3" name="Test.LoginTest" time="5.056" errors="0" timestamp="2024-06-23T22:02:32 IST" skipped="0">
  <testcase classname="Test.LoginTest" name="testLoginLink" time="0.000"/>
  <testcase classname="Test.LoginTest" name="testLoginLink" time="5.016"/>
  <testcase classname="Test.LoginTest" name="testLoginLink" time="0.040"/>
</testsuite> <!-- Test.LoginTest -->
