<?xml version="1.0" encoding="UTF-8"?>
<!-- Generated by org.testng.reporters.JUnitReportReporter -->
<testsuite hostname="IN-D80D5S3" failures="0" tests="1" name="Test.FlipkartElectronicsTest" time="7.003" errors="0" timestamp="2024-06-23T22:02:32 IST" skipped="0">
  <testcase classname="Test.FlipkartElectronicsTest" name="testMiLink" time="7.003"/>
</testsuite> <!-- Test.FlipkartElectronicsTest -->
