<?xml version="1.0" encoding="UTF-8"?>
<!-- Generated by org.testng.reporters.JUnitReportReporter -->
<testsuite hostname="IN-D80D5S3" failures="0" tests="1" name="Test.FlipkartMyntraTest" time="13.914" errors="0" timestamp="2024-06-17T11:55:03 IST" skipped="0">
  <testcase classname="Test.FlipkartMyntraTest" name="testMyntraLink" time="13.914"/>
</testsuite> <!-- Test.FlipkartMyntraTest -->
