<?xml version="1.0" encoding="UTF-8"?>
<!-- Generated by org.testng.reporters.JUnitReportReporter -->
<testsuite hostname="IN-D80D5S3" failures="0" tests="4" name="Test.AddToCartTest" time="21.510" errors="0" timestamp="2024-06-17T11:55:03 IST" skipped="0">
  <testcase classname="Test.AddToCartTest" name="testAddProductToCart" time="0.000"/>
  <testcase classname="Test.AddToCartTest" name="testAddProductToCart" time="21.419"/>
  <testcase classname="Test.AddToCartTest" name="testAddProductToCart" time="0.082"/>
  <testcase classname="Test.AddToCartTest" name="testAddProductToCart" time="0.009"/>
</testsuite> <!-- Test.AddToCartTest -->
